<?xml version="1.0" encoding="UTF-8"?>
<testsuite xmlns:xsi="http://www.w3.org/2001/XMLSchema-instance" xsi:noNamespaceSchemaLocation="https://maven.apache.org/surefire/maven-surefire-plugin/xsd/surefire-test-report.xsd" name="TestSuite" time="0.349" tests="2" errors="0" skipped="0" failures="0">
  <properties>
    <property name="java.specification.version" value="14"/>
    <property name="sun.cpu.isalist" value="amd64"/>
    <property name="sun.jnu.encoding" value="Cp1252"/>
    <property name="java.class.path" value="D:\Softwares\Eclipse\Eclipse Projects\TestNGMavenTest\target\test-classes;D:\Softwares\Eclipse\Eclipse Projects\TestNGMavenTest\target\classes;C:\Users\rohan.ghatage\.m2\repository\org\testng\testng\7.3.0\testng-7.3.0.jar;C:\Users\rohan.ghatage\.m2\repository\com\beust\jcommander\1.78\jcommander-1.78.jar;C:\Users\rohan.ghatage\.m2\repository\org\apache\ant\ant\1.10.3\ant-1.10.3.jar;C:\Users\rohan.ghatage\.m2\repository\org\apache\ant\ant-launcher\1.10.3\ant-launcher-1.10.3.jar;C:\Users\rohan.ghatage\.m2\repository\junit\junit\4.12\junit-4.12.jar;C:\Users\rohan.ghatage\.m2\repository\org\hamcrest\hamcrest-core\1.3\hamcrest-core-1.3.jar;C:\Users\rohan.ghatage\.m2\repository\com\google\inject\guice\4.2.2\guice-4.2.2-no_aop.jar;C:\Users\rohan.ghatage\.m2\repository\javax\inject\javax.inject\1\javax.inject-1.jar;C:\Users\rohan.ghatage\.m2\repository\aopalliance\aopalliance\1.0\aopalliance-1.0.jar;C:\Users\rohan.ghatage\.m2\repository\com\google\guava\guava\25.1-android\guava-25.1-android.jar;C:\Users\rohan.ghatage\.m2\repository\com\google\code\findbugs\jsr305\3.0.2\jsr305-3.0.2.jar;C:\Users\rohan.ghatage\.m2\repository\org\checkerframework\checker-compat-qual\2.0.0\checker-compat-qual-2.0.0.jar;C:\Users\rohan.ghatage\.m2\repository\com\google\errorprone\error_prone_annotations\2.1.3\error_prone_annotations-2.1.3.jar;C:\Users\rohan.ghatage\.m2\repository\com\google\j2objc\j2objc-annotations\1.1\j2objc-annotations-1.1.jar;C:\Users\rohan.ghatage\.m2\repository\org\codehaus\mojo\animal-sniffer-annotations\1.14\animal-sniffer-annotations-1.14.jar;C:\Users\rohan.ghatage\.m2\repository\org\yaml\snakeyaml\1.21\snakeyaml-1.21.jar;"/>
    <property name="java.vm.vendor" value="Oracle Corporation"/>
    <property name="sun.arch.data.model" value="64"/>
    <property name="user.variant" value=""/>
    <property name="java.vendor.url" value="https://java.oracle.com/"/>
    <property name="user.timezone" value="Asia/Calcutta"/>
    <property name="os.name" value="Windows 10"/>
    <property name="java.vm.specification.version" value="14"/>
    <property name="sun.java.launcher" value="SUN_STANDARD"/>
    <property name="user.country" value="US"/>
    <property name="sun.boot.library.path" value="C:\Program Files\Java\jdk-14.0.2\bin"/>
    <property name="sun.java.command" value="C:\Users\ROHAN~1.GHA\AppData\Local\Temp\surefire6706242683620759249\surefirebooter5057610894965667486.jar C:\Users\rohan.ghatage\AppData\Local\Temp\surefire6706242683620759249 2020-12-17T16-54-22_596-jvmRun1 surefire14216865338228722815tmp surefire_015149420361771126449tmp"/>
    <property name="jdk.debug" value="release"/>
    <property name="surefire.test.class.path" value="D:\Softwares\Eclipse\Eclipse Projects\TestNGMavenTest\target\test-classes;D:\Softwares\Eclipse\Eclipse Projects\TestNGMavenTest\target\classes;C:\Users\rohan.ghatage\.m2\repository\org\testng\testng\7.3.0\testng-7.3.0.jar;C:\Users\rohan.ghatage\.m2\repository\com\beust\jcommander\1.78\jcommander-1.78.jar;C:\Users\rohan.ghatage\.m2\repository\org\apache\ant\ant\1.10.3\ant-1.10.3.jar;C:\Users\rohan.ghatage\.m2\repository\org\apache\ant\ant-launcher\1.10.3\ant-launcher-1.10.3.jar;C:\Users\rohan.ghatage\.m2\repository\junit\junit\4.12\junit-4.12.jar;C:\Users\rohan.ghatage\.m2\repository\org\hamcrest\hamcrest-core\1.3\hamcrest-core-1.3.jar;C:\Users\rohan.ghatage\.m2\repository\com\google\inject\guice\4.2.2\guice-4.2.2-no_aop.jar;C:\Users\rohan.ghatage\.m2\repository\javax\inject\javax.inject\1\javax.inject-1.jar;C:\Users\rohan.ghatage\.m2\repository\aopalliance\aopalliance\1.0\aopalliance-1.0.jar;C:\Users\rohan.ghatage\.m2\repository\com\google\guava\guava\25.1-android\guava-25.1-android.jar;C:\Users\rohan.ghatage\.m2\repository\com\google\code\findbugs\jsr305\3.0.2\jsr305-3.0.2.jar;C:\Users\rohan.ghatage\.m2\repository\org\checkerframework\checker-compat-qual\2.0.0\checker-compat-qual-2.0.0.jar;C:\Users\rohan.ghatage\.m2\repository\com\google\errorprone\error_prone_annotations\2.1.3\error_prone_annotations-2.1.3.jar;C:\Users\rohan.ghatage\.m2\repository\com\google\j2objc\j2objc-annotations\1.1\j2objc-annotations-1.1.jar;C:\Users\rohan.ghatage\.m2\repository\org\codehaus\mojo\animal-sniffer-annotations\1.14\animal-sniffer-annotations-1.14.jar;C:\Users\rohan.ghatage\.m2\repository\org\yaml\snakeyaml\1.21\snakeyaml-1.21.jar;"/>
    <property name="sun.cpu.endian" value="little"/>
    <property name="user.home" value="C:\Users\rohan.ghatage"/>
    <property name="user.language" value="en"/>
    <property name="java.specification.vendor" value="Oracle Corporation"/>
    <property name="java.version.date" value="2020-07-14"/>
    <property name="java.home" value="C:\Program Files\Java\jdk-14.0.2"/>
    <property name="file.separator" value="\"/>
    <property name="basedir" value="D:\Softwares\Eclipse\Eclipse Projects\TestNGMavenTest"/>
    <property name="java.vm.compressedOopsMode" value="Zero based"/>
    <property name="line.separator" value="&#10;"/>
    <property name="java.vm.specification.vendor" value="Oracle Corporation"/>
    <property name="java.specification.name" value="Java Platform API Specification"/>
    <property name="surefire.real.class.path" value="C:\Users\ROHAN~1.GHA\AppData\Local\Temp\surefire6706242683620759249\surefirebooter5057610894965667486.jar"/>
    <property name="user.script" value=""/>
    <property name="sun.management.compiler" value="HotSpot 64-Bit Tiered Compilers"/>
    <property name="java.runtime.version" value="14.0.2+12-46"/>
    <property name="user.name" value="rohan.ghatage"/>
    <property name="path.separator" value=";"/>
    <property name="os.version" value="10.0"/>
    <property name="java.runtime.name" value="Java(TM) SE Runtime Environment"/>
    <property name="file.encoding" value="Cp1252"/>
    <property name="java.vm.name" value="Java HotSpot(TM) 64-Bit Server VM"/>
    <property name="localRepository" value="C:\Users\rohan.ghatage\.m2\repository"/>
    <property name="java.vendor.url.bug" value="https://bugreport.java.com/bugreport/"/>
    <property name="java.io.tmpdir" value="C:\Users\ROHAN~1.GHA\AppData\Local\Temp\"/>
    <property name="java.version" value="14.0.2"/>
    <property name="user.dir" value="D:\Softwares\Eclipse\Eclipse Projects\TestNGMavenTest"/>
    <property name="os.arch" value="amd64"/>
    <property name="java.vm.specification.name" value="Java Virtual Machine Specification"/>
    <property name="sun.os.patch.level" value=""/>
    <property name="java.library.path" value="C:\Program Files\Java\jdk-14.0.2\bin;C:\Windows\Sun\Java\bin;C:\Windows\system32;C:\Windows;C:\Windows\system32;C:\Windows;C:\Windows\System32\Wbem;C:\Windows\System32\WindowsPowerShell\v1.0\;C:\Windows\System32\OpenSSH\;C:\Program Files (x86)\Intel\Intel(R) Management Engine Components\DAL;C:\Program Files\Intel\Intel(R) Management Engine Components\DAL;C:\Program Files\Java\jdk-14.0.2;C:\Program Files\nodejs\;C:\apache-maven-3.6.3\bin;D:\Softwares\Git\Git\cmd;D:\Softwares\Git\Git\bin;C:\Program Files\Java\jdk-14.0.2\bin;C:\Users\rohan.ghatage\AppData\Roaming\npm;."/>
    <property name="java.vm.info" value="mixed mode, sharing"/>
    <property name="java.vendor" value="Oracle Corporation"/>
    <property name="java.vm.version" value="14.0.2+12-46"/>
    <property name="sun.io.unicode.encoding" value="UnicodeLittle"/>
    <property name="java.class.version" value="58.0"/>
  </properties>
  <testcase name="MA" classname="com.testmv.TestA" time="0.004"/>
  <testcase name="MB" classname="com.testmv.TestB" time="0"/>
</testsuite>