<?xml version="1.0" encoding="UTF-8"?>
<!-- Generated by org.testng.reporters.JUnitReportReporter -->
<testsuite hostname="ECO711" failures="0" tests="1" name="com.testmv.TestB" time="0.001" errors="0" timestamp="2020-12-17T16:50:46 IST" skipped="0">
  <testcase classname="com.testmv.TestB" name="MB" time="0.001"/>
  <system-out/>
</testsuite> <!-- com.testmv.TestB -->
